react-native-filesystem/build/outputs/logs/manifest-merger-debug-report.txt
-- Merging decision tree log ---
manifest
ADDED from src\main\AndroidManifest.xml:2:1-9:12
INJECTED from src\main\AndroidManifest.xml:2:1-9:12
INJECTED from src\main\AndroidManifest.xml:2:1-9:12
INJECTED from src\main\AndroidManifest.xml:2:1-9:12
INJECTED from src\main\AndroidManifest.xml:2:1-9:12
	package
		ADDED from src\main\AndroidManifest.xml:3:11-46
		INJECTED from src\main\AndroidManifest.xml
		INJECTED from src\main\AndroidManifest.xml
	android:versionCode
		INJECTED from src\main\AndroidManifest.xml
		ADDED from src\main\AndroidManifest.xml:2:1-9:12
		INJECTED from src\main\AndroidManifest.xml
	xmlns:android
		ADDED from src\main\AndroidManifest.xml:2:11-69
application
ADDED from src\main\AndroidManifest.xml:5:5-79
	android:fullBackupContent
		ADDED from src\main\AndroidManifest.xml:5:18-76
uses-permission#android.permission.ACCESS_NOTIFICATION_POLICY
ADDED from src\main\AndroidManifest.xml:6:5-8:38
	android:maxSdkVersion
		ADDED from src\main\AndroidManifest.xml:8:9-35
	android:name
		ADDED from src\main\AndroidManifest.xml:7:9-69
uses-sdk
INJECTED from src\main\AndroidManifest.xml reason: use-sdk injection requested
INJECTED from src\main\AndroidManifest.xml
INJECTED from src\main\AndroidManifest.xml
INJECTED from src\main\AndroidManifest.xml
INJECTED from src\main\AndroidManifest.xml
	android:targetSdkVersion
		INJECTED from src\main\AndroidManifest.xml
		ADDED from src\main\AndroidManifest.xml
		INJECTED from src\main\AndroidManifest.xml
	android:minSdkVersion
		INJECTED from src\main\AndroidManifest.xml
		ADDED from src\main\AndroidManifest.xml
		INJECTED from src\main\AndroidManifest.xml